<?xml version="1.0" encoding="UTF-8"?>
<!-- Generated by org.testng.reporters.JUnitXMLReporter -->
<testsuite hostname="DESKTOP-3SL4LUB" ignored="0" name="Validate Title Test" tests="1" failures="1" timestamp="02 Feb 2019 08:21:24 GMT" time="0.034" errors="0">
  <testcase name="validateTitles" time="0.003" classname="testnglearning.functional.TestCase2">
    <failure type="java.lang.AssertionError" message="Button not found expected [true] but found [false]">
      <![CDATA[java.lang.AssertionError: Button not found expected [true] but found [false]
at testnglearning.functional.TestCase2.validateTitles(TestCase2.java:16)
... Removed 28 stack frames]]>
    </failure>
  </testcase> <!-- validateTitles -->
</testsuite> <!-- Validate Title Test -->
